1677021566448	geckodriver	INFO	Listening on 127.0.0.1:51316
1677021569482	mozrunner::runner	INFO	Running command: "C:\\Program Files\\Mozilla Firefox\\firefox.exe" "--marionette" "--remote-debugging-port" "51317" "--remote-allow-hosts" "localhost" "-no-remote" "-profile" "C:\\Users\\Joey\\AppData\\Local\\Temp\\rust_mozprofileJv1FNC"
console.warn: services.settings: Ignoring preference override of remote settings server
console.warn: services.settings: Allow by setting MOZ_REMOTE_SETTINGS_DEVTOOLS=1 in the environment
1677021569835	Marionette	INFO	Marionette enabled
Dynamically enable window occlusion 0
1677021569841	Marionette	INFO	Listening on port 51337
WebDriver BiDi listening on ws://127.0.0.1:51317
Read port: 51337
1677021570077	RemoteAgent	WARN	TLS certificate errors will be ignored for this session
console.warn: SearchSettings: "get: No settings file exists, new profile?" (new NotFoundError("Could not open the file at C:\\Users\\Joey\\AppData\\Local\\Temp\\rust_mozprofileJv1FNC\\search.json.mozlz4", (void 0)))
DevTools listening on ws://127.0.0.1:51317/devtools/browser/06572fb4-0629-48e4-ba26-89acc51beb49
JavaScript error: https://static-cdn.spot.im/production/launcher/tags/v3.2.2/launcher/561-bundle.js, line 1: TypeError: can't define property "encryptedMail": Object is not extensible
JavaScript error: https://static-cdn.spot.im/production/launcher/tags/v3.2.2/launcher/561-bundle.js, line 1: TypeError: can't define property "encryptedMail": Object is not extensible
JavaScript error: https://static-cdn.spot.im/production/launcher/tags/v3.2.2/launcher/561-bundle.js, line 1: TypeError: can't define property "encryptedMail": Object is not extensible
1677021584298	Marionette	WARN	Ignoring event 'pageshow' because document has an invalid readyState of 'uninitialized'.
JavaScript warning: https://pagead2.googlesyndication.com/bg/bP143D2MlfrYa-8L1g1kZrRY_Hu8960J3R7GynJ9320.js line 2 > eval line 3515 > eval line 1 > eval line 1 > eval, line 1: WEBGL_debug_renderer_info is deprecated in Firefox and will be removed. Please use RENDERER.
JavaScript error: , line 0: uncaught exception: 7
JavaScript warning: https://pagead2.googlesyndication.com/bg/bP143D2MlfrYa-8L1g1kZrRY_Hu8960J3R7GynJ9320.js line 2 > eval line 6365 > eval line 1 > eval line 1 > eval, line 1: WEBGL_debug_renderer_info is deprecated in Firefox and will be removed. Please use RENDERER.
1677021945973	geckodriver	INFO	Listening on 127.0.0.1:50404
1677021958145	geckodriver	INFO	Listening on 127.0.0.1:50442
1677021961196	mozrunner::runner	INFO	Running command: "C:\\Program Files\\Mozilla Firefox\\firefox.exe" "--marionette" "-profile" "C:\\Users\\Joey\\AppData\\Local\\Temp\\tmptjoo4zuf.selenium" "--remote-debugging-port" "50443" "--remote-allow-hosts" "localhost" "-no-remote"
console.warn: services.settings: Ignoring preference override of remote settings server
console.warn: services.settings: Allow by setting MOZ_REMOTE_SETTINGS_DEVTOOLS=1 in the environment
1677021961513	Marionette	INFO	Marionette enabled
Dynamically enable window occlusion 0
1677021961518	Marionette	INFO	Listening on port 2828
WebDriver BiDi listening on ws://127.0.0.1:50443
1677021961803	RemoteAgent	WARN	TLS certificate errors will be ignored for this session
console.warn: SearchSettings: "get: No settings file exists, new profile?" (new NotFoundError("Could not open the file at C:\\Users\\Joey\\AppData\\Local\\Temp\\tmptjoo4zuf.selenium\\search.json.mozlz4", (void 0)))
DevTools listening on ws://127.0.0.1:50443/devtools/browser/07ba5216-521f-4790-8c7b-eac5d6c8cb09
1677021966769	Marionette	INFO	Stopped listening on port 2828
Dynamically enable window occlusion 1
console.error: (new AbortError("IndexedDB: main/url-classifier-skip-urls list() IndexedDB:  execute() A request was aborted, for example through a call to IDBTransaction.abort.", "resource://services-settings/IDBHelpers.jsm", 18))
JavaScript error: resource://services-settings/Utils.jsm, line 237: TypeError: NetworkError: Network request failed
1677022553960	geckodriver	INFO	Listening on 127.0.0.1:51931
1677022556991	mozrunner::runner	INFO	Running command: "C:\\Program Files\\Mozilla Firefox\\firefox.exe" "--marionette" "--remote-debugging-port" "51932" "--remote-allow-hosts" "localhost" "-no-remote" "-profile" "C:\\Users\\Joey\\AppData\\Local\\Temp\\rust_mozprofilev7OSkg"
console.warn: services.settings: Ignoring preference override of remote settings server
console.warn: services.settings: Allow by setting MOZ_REMOTE_SETTINGS_DEVTOOLS=1 in the environment
1677022557296	Marionette	INFO	Marionette enabled
Dynamically enable window occlusion 0
1677022557300	Marionette	INFO	Listening on port 51947
Read port: 51947
WebDriver BiDi listening on ws://127.0.0.1:51932
1677022557410	RemoteAgent	WARN	TLS certificate errors will be ignored for this session
console.warn: SearchSettings: "get: No settings file exists, new profile?" (new NotFoundError("Could not open the file at C:\\Users\\Joey\\AppData\\Local\\Temp\\rust_mozprofilev7OSkg\\search.json.mozlz4", (void 0)))
DevTools listening on ws://127.0.0.1:51932/devtools/browser/6c54b677-5eae-4433-83fa-3afeb001b98b
1677022560723	Marionette	INFO	Stopped listening on port 51947
Dynamically enable window occlusion 1
JavaScript error: resource://services-settings/Utils.jsm, line 237: TypeError: NetworkError: Network request failed
1677022599253	geckodriver	INFO	Listening on 127.0.0.1:52102
1677022602298	mozrunner::runner	INFO	Running command: "C:\\Program Files\\Mozilla Firefox\\firefox.exe" "--marionette" "--remote-debugging-port" "52103" "--remote-allow-hosts" "localhost" "-no-remote" "-profile" "C:\\Users\\Joey\\AppData\\Local\\Temp\\rust_mozprofileU8vNlj"
console.warn: services.settings: Ignoring preference override of remote settings server
console.warn: services.settings: Allow by setting MOZ_REMOTE_SETTINGS_DEVTOOLS=1 in the environment
1677022602614	Marionette	INFO	Marionette enabled
Dynamically enable window occlusion 0
1677022602618	Marionette	INFO	Listening on port 52117
Read port: 52117
WebDriver BiDi listening on ws://127.0.0.1:52103
1677022602729	RemoteAgent	WARN	TLS certificate errors will be ignored for this session
console.warn: SearchSettings: "get: No settings file exists, new profile?" (new NotFoundError("Could not open the file at C:\\Users\\Joey\\AppData\\Local\\Temp\\rust_mozprofileU8vNlj\\search.json.mozlz4", (void 0)))
DevTools listening on ws://127.0.0.1:52103/devtools/browser/c4e32d23-6fc0-49d1-b9b2-0c4628fc4ea3
JavaScript error: https://static-cdn.spot.im/production/launcher/tags/v3.2.2/launcher/561-bundle.js, line 1: TypeError: can't define property "encryptedMail": Object is not extensible
JavaScript error: https://static-cdn.spot.im/production/launcher/tags/v3.2.2/launcher/561-bundle.js, line 1: TypeError: can't define property "encryptedMail": Object is not extensible
JavaScript error: https://static-cdn.spot.im/production/launcher/tags/v3.2.2/launcher/561-bundle.js, line 1: TypeError: can't define property "encryptedMail": Object is not extensible
1677022620417	Marionette	INFO	Stopped listening on port 52117
Dynamically enable window occlusion 1
JavaScript error: , line 0: TypeError: NetworkError when attempting to fetch resource.
JavaScript error: , line 0: TypeError: NetworkError when attempting to fetch resource.
1677022709782	geckodriver	INFO	Listening on 127.0.0.1:64600
1677022712838	mozrunner::runner	INFO	Running command: "C:\\Program Files\\Mozilla Firefox\\firefox.exe" "--marionette" "--remote-debugging-port" "64601" "--remote-allow-hosts" "localhost" "-no-remote" "-profile" "C:\\Users\\Joey\\AppData\\Local\\Temp\\rust_mozprofilejD79iu"
console.warn: services.settings: Ignoring preference override of remote settings server
console.warn: services.settings: Allow by setting MOZ_REMOTE_SETTINGS_DEVTOOLS=1 in the environment
1677022713148	Marionette	INFO	Marionette enabled
Dynamically enable window occlusion 0
1677022713152	Marionette	INFO	Listening on port 64616
Read port: 64616
WebDriver BiDi listening on ws://127.0.0.1:64601
1677022713264	RemoteAgent	WARN	TLS certificate errors will be ignored for this session
console.warn: SearchSettings: "get: No settings file exists, new profile?" (new NotFoundError("Could not open the file at C:\\Users\\Joey\\AppData\\Local\\Temp\\rust_mozprofilejD79iu\\search.json.mozlz4", (void 0)))
DevTools listening on ws://127.0.0.1:64601/devtools/browser/487864e5-5619-4c7f-8526-8228c69034da
JavaScript error: https://static-cdn.spot.im/production/launcher/tags/v3.2.2/launcher/561-bundle.js, line 1: TypeError: can't define property "encryptedMail": Object is not extensible
JavaScript error: https://static-cdn.spot.im/production/launcher/tags/v3.2.2/launcher/561-bundle.js, line 1: TypeError: can't define property "encryptedMail": Object is not extensible
JavaScript error: https://static-cdn.spot.im/production/launcher/tags/v3.2.2/launcher/561-bundle.js, line 1: TypeError: can't define property "encryptedMail": Object is not extensible
JavaScript warning: https://pagead2.googlesyndication.com/bg/bP143D2MlfrYa-8L1g1kZrRY_Hu8960J3R7GynJ9320.js line 2 > eval line 337 > eval line 1 > eval line 1 > eval, line 1: WEBGL_debug_renderer_info is deprecated in Firefox and will be removed. Please use RENDERER.
JavaScript error: https://ad.doubleclick.net/ddm/adj/N4492.285985MEDIAIQ/B29045268.355960257;dc_ver=95.280;dc_eid=40004000;sz=728x90;u_sd=1;dc_adk=462583278;ord=epxaei;click=https%3A%2F%2Fnym1-ib.adnxs.com%2Fclick%3FmpmZmZmZ8T8bnl4py9DsPwAAAIA9iiJAG55eKcvQ7D-amZmZmZnxP7uLx1vxILw9utp3A7Hguj0aVvVjAAAAAI-3dAFjDQAAnAIAAAIAAABbEEoYgVIOAAAAAABVU0QAVVNEANgCWgDirwAAAAABAQUCAAAAAKQA1yer-wAAAAA.%2Fbcr%3DAAAAAAAA8D8%3D%2Fcnd%3D%25213BBTuwi5-vMYENugqMIBGIGlOSAAKAAxAAAAAAAAAAA6CU5ZTTI6NjUwMEDDMEkAAAAAAADwP1EAAAAAAAAAAFkAAAAAAAAAAGEAAAAAAAAAAGkAAAAAAAAAAHEAAAAAAAAAAHgAiQEAAAAAAADwPw..%2Fcca%3DNjY4I05ZTTI6NjUwMA%3D%3D%2Fbn%3D91106%2Fclickenc%3D;dc_rfl=2,https%3A%2F%2Fwww.ign.com%2F$0;xdt=1;crlt=jfLUG8rAon;stc=1;sttr=23;prcl=s, line 1: SyntaxError: invalid escape sequence
JavaScript warning: https://pagead2.googlesyndication.com/bg/bP143D2MlfrYa-8L1g1kZrRY_Hu8960J3R7GynJ9320.js line 2 > eval line 6366 > eval line 1 > eval line 1 > eval, line 1: WEBGL_debug_renderer_info is deprecated in Firefox and will be removed. Please use RENDERER.
JavaScript warning: https://pagead2.googlesyndication.com/bg/bP143D2MlfrYa-8L1g1kZrRY_Hu8960J3R7GynJ9320.js line 2 > eval line 7811 > eval line 1 > eval line 1 > eval, line 1: WEBGL_debug_renderer_info is deprecated in Firefox and will be removed. Please use RENDERER.
JavaScript error: , line 0: uncaught exception: 7
JavaScript warning: https://pagead2.googlesyndication.com/bg/bP143D2MlfrYa-8L1g1kZrRY_Hu8960J3R7GynJ9320.js line 2 > eval line 4849 > eval line 1 > eval line 1 > eval, line 1: WEBGL_debug_renderer_info is deprecated in Firefox and will be removed. Please use RENDERER.
JavaScript error: https://s0.2mdn.net/sadbundle/7266356804441866240/textFit.js, line 47: TypeError: els is null
1677022751357	Marionette	INFO	Stopped listening on port 64616
Dynamically enable window occlusion 1
JavaScript error: , line 0: TypeError: NetworkError when attempting to fetch resource.
JavaScript error: , line 0: TypeError: NetworkError when attempting to fetch resource.
JavaScript error: , line 0: TypeError: NetworkError when attempting to fetch resource.
JavaScript error: , line 0: TypeError: NetworkError when attempting to fetch resource.
[Parent 66908, IPC I/O Parent] WARNING: pipe error: 232: file /builds/worker/checkouts/gecko/ipc/chromium/src/chrome/common/ipc_channel_win.cc:583
JavaScript error: , line 0: TypeError: NetworkError when attempting to fetch resource.
JavaScript error: , line 0: TypeError: NetworkError when attempting to fetch resource.
JavaScript error: , line 0: TypeError: NetworkError when attempting to fetch resource.
JavaScript error: , line 0: TypeError: NetworkError when attempting to fetch resource.
JavaScript error: , line 0: TypeError: NetworkError when attempting to fetch resource.
JavaScript error: , line 0: TypeError: NetworkError when attempting to fetch resource.
JavaScript error: , line 0: TypeError: NetworkError when attempting to fetch resource.
JavaScript error: , line 0: TypeError: NetworkError when attempting to fetch resource.
JavaScript error: , line 0: TypeError: NetworkError when attempting to fetch resource.
[Parent 66908, IPC I/O Parent] WARNING: DuplicateHandle failed for handle 0 in TransferHandles: file /builds/worker/checkouts/gecko/ipc/chromium/src/chrome/common/ipc_channel_win.cc:777
1677022778482	geckodriver	INFO	Listening on 127.0.0.1:65373
1677022781519	mozrunner::runner	INFO	Running command: "C:\\Program Files\\Mozilla Firefox\\firefox.exe" "--marionette" "--remote-debugging-port" "65374" "--remote-allow-hosts" "localhost" "-no-remote" "-profile" "C:\\Users\\Joey\\AppData\\Local\\Temp\\rust_mozprofilej4bXzA"
console.warn: services.settings: Ignoring preference override of remote settings server
console.warn: services.settings: Allow by setting MOZ_REMOTE_SETTINGS_DEVTOOLS=1 in the environment
1677022781824	Marionette	INFO	Marionette enabled
Dynamically enable window occlusion 0
1677022781829	Marionette	INFO	Listening on port 65389
Read port: 65389
WebDriver BiDi listening on ws://127.0.0.1:65374
1677022781936	RemoteAgent	WARN	TLS certificate errors will be ignored for this session
console.warn: SearchSettings: "get: No settings file exists, new profile?" (new NotFoundError("Could not open the file at C:\\Users\\Joey\\AppData\\Local\\Temp\\rust_mozprofilej4bXzA\\search.json.mozlz4", (void 0)))
DevTools listening on ws://127.0.0.1:65374/devtools/browser/2a7d4332-b845-4a3c-909b-254469c0c7e1
JavaScript error: https://static-cdn.spot.im/production/launcher/tags/v3.2.2/launcher/561-bundle.js, line 1: TypeError: can't define property "encryptedMail": Object is not extensible
JavaScript error: https://static-cdn.spot.im/production/launcher/tags/v3.2.2/launcher/561-bundle.js, line 1: TypeError: can't define property "encryptedMail": Object is not extensible
JavaScript error: https://static-cdn.spot.im/production/launcher/tags/v3.2.2/launcher/561-bundle.js, line 1: TypeError: can't define property "encryptedMail": Object is not extensible
JavaScript warning: https://pagead2.googlesyndication.com/bg/bP143D2MlfrYa-8L1g1kZrRY_Hu8960J3R7GynJ9320.js line 2 > eval line 6280 > eval line 1 > eval line 1 > eval, line 1: WEBGL_debug_renderer_info is deprecated in Firefox and will be removed. Please use RENDERER.
JavaScript error: , line 0: TypeError: NetworkError when attempting to fetch resource.
JavaScript error: , line 0: uncaught exception: 7
JavaScript error: , line 0: uncaught exception: 7
JavaScript warning: https://pagead2.googlesyndication.com/bg/bP143D2MlfrYa-8L1g1kZrRY_Hu8960J3R7GynJ9320.js line 2 > eval line 7432 > eval line 1 > eval line 1 > eval, line 1: WEBGL_debug_renderer_info is deprecated in Firefox and will be removed. Please use RENDERER.
JavaScript warning: https://pagead2.googlesyndication.com/bg/bP143D2MlfrYa-8L1g1kZrRY_Hu8960J3R7GynJ9320.js line 2 > eval line 1515 > eval line 1 > eval line 1 > eval, line 1: WEBGL_debug_renderer_info is deprecated in Firefox and will be removed. Please use RENDERER.
1677022868476	Marionette	INFO	Stopped listening on port 65389
Dynamically enable window occlusion 1
[Parent 70084, IPC I/O Parent] WARNING: pipe error: 232: file /builds/worker/checkouts/gecko/ipc/chromium/src/chrome/common/ipc_channel_win.cc:583
[Parent 70084, IPC I/O Parent] WARNING: DuplicateHandle failed for handle 0 in TransferHandles: file /builds/worker/checkouts/gecko/ipc/chromium/src/chrome/common/ipc_channel_win.cc:777
1677022925967	geckodriver	INFO	Listening on 127.0.0.1:51842
1677022929020	mozrunner::runner	INFO	Running command: "C:\\Program Files\\Mozilla Firefox\\firefox.exe" "--marionette" "--remote-debugging-port" "51843" "--remote-allow-hosts" "localhost" "-no-remote" "-profile" "C:\\Users\\Joey\\AppData\\Local\\Temp\\rust_mozprofileMDwtrV"
console.warn: services.settings: Ignoring preference override of remote settings server
console.warn: services.settings: Allow by setting MOZ_REMOTE_SETTINGS_DEVTOOLS=1 in the environment
1677022929334	Marionette	INFO	Marionette enabled
Dynamically enable window occlusion 0
1677022929339	Marionette	INFO	Listening on port 51858
Read port: 51858
WebDriver BiDi listening on ws://127.0.0.1:51843
1677022929448	RemoteAgent	WARN	TLS certificate errors will be ignored for this session
console.warn: SearchSettings: "get: No settings file exists, new profile?" (new NotFoundError("Could not open the file at C:\\Users\\Joey\\AppData\\Local\\Temp\\rust_mozprofileMDwtrV\\search.json.mozlz4", (void 0)))
DevTools listening on ws://127.0.0.1:51843/devtools/browser/fcff56e9-33b3-4131-9742-c83e55c1ab6c
JavaScript warning: https://pagead2.googlesyndication.com/bg/bP143D2MlfrYa-8L1g1kZrRY_Hu8960J3R7GynJ9320.js line 2 > eval line 4972 > eval line 1 > eval line 1 > eval, line 1: WEBGL_debug_renderer_info is deprecated in Firefox and will be removed. Please use RENDERER.
JavaScript error: https://static-cdn.spot.im/production/launcher/tags/v3.2.2/launcher/561-bundle.js, line 1: TypeError: can't define property "encryptedMail": Object is not extensible
JavaScript error: https://static-cdn.spot.im/production/launcher/tags/v3.2.2/launcher/561-bundle.js, line 1: TypeError: can't define property "encryptedMail": Object is not extensible
JavaScript error: https://static-cdn.spot.im/production/launcher/tags/v3.2.2/launcher/561-bundle.js, line 1: TypeError: can't define property "encryptedMail": Object is not extensible
1677022944317	Marionette	WARN	Ignoring event 'pageshow' because document has an invalid readyState of 'uninitialized'.
JavaScript warning: https://pagead2.googlesyndication.com/bg/bP143D2MlfrYa-8L1g1kZrRY_Hu8960J3R7GynJ9320.js line 2 > eval line 5946 > eval line 1 > eval line 1 > eval, line 1: WEBGL_debug_renderer_info is deprecated in Firefox and will be removed. Please use RENDERER.
JavaScript warning: https://pagead2.googlesyndication.com/bg/bP143D2MlfrYa-8L1g1kZrRY_Hu8960J3R7GynJ9320.js line 2 > eval line 2917 > eval line 1 > eval line 1 > eval, line 1: WEBGL_debug_renderer_info is deprecated in Firefox and will be removed. Please use RENDERER.
JavaScript error: , line 0: TypeError: NetworkError when attempting to fetch resource.
JavaScript error: , line 0: TypeError: NetworkError when attempting to fetch resource.
JavaScript error: , line 0: TypeError: NetworkError when attempting to fetch resource.
JavaScript error: , line 0: TypeError: NetworkError when attempting to fetch resource.
JavaScript error: , line 0: TypeError: NetworkError when attempting to fetch resource.
JavaScript error: , line 0: TypeError: NetworkError when attempting to fetch resource.
JavaScript error: , line 0: TypeError: NetworkError when attempting to fetch resource.
JavaScript error: , line 0: TypeError: NetworkError when attempting to fetch resource.
JavaScript warning: https://z.moatads.com/yahoodisplay873773666324/moatad.js#moatClientLevel1=Yahoo!&moatClientLevel2=504243&moatClientLevel3=2470452&moatClientLevel4=5509762&moatClientSlicer1=55&moatClientSlicer2=0&zMoatAuctionID=2596238540051348111:1677023011569&zMoatAdReqDomain=ign.com, line 238: WEBGL_debug_renderer_info is deprecated in Firefox and will be removed. Please use RENDERER.
JavaScript error: https://cdn.yahoomedia.net/libraries/ADX-1.0.6.js, line 1: TypeError: this.logWarning is not a function
JavaScript error: , line 0: TypeError: NetworkError when attempting to fetch resource.
JavaScript error: , line 0: TypeError: NetworkError when attempting to fetch resource.
JavaScript warning: https://pagead2.googlesyndication.com/bg/bP143D2MlfrYa-8L1g1kZrRY_Hu8960J3R7GynJ9320.js line 2 > eval line 7049 > eval line 1 > eval line 1 > eval, line 1: WEBGL_debug_renderer_info is deprecated in Firefox and will be removed. Please use RENDERER.
JavaScript error: , line 0: TypeError: NetworkError when attempting to fetch resource.
JavaScript error: , line 0: TypeError: NetworkError when attempting to fetch resource.
JavaScript error: , line 0: TypeError: NetworkError when attempting to fetch resource.
JavaScript warning: https://pagead2.googlesyndication.com/bg/bP143D2MlfrYa-8L1g1kZrRY_Hu8960J3R7GynJ9320.js line 2 > eval line 769 > eval line 1 > eval line 1 > eval, line 1: WEBGL_debug_renderer_info is deprecated in Firefox and will be removed. Please use RENDERER.
JavaScript error: , line 0: TypeError: NetworkError when attempting to fetch resource.
JavaScript error: , line 0: TypeError: NetworkError when attempting to fetch resource.
JavaScript error: , line 0: uncaught exception: 7
JavaScript warning: https://pagead2.googlesyndication.com/bg/bP143D2MlfrYa-8L1g1kZrRY_Hu8960J3R7GynJ9320.js line 2 > eval line 2096 > eval line 1 > eval line 1 > eval, line 1: WEBGL_debug_renderer_info is deprecated in Firefox and will be removed. Please use RENDERER.
JavaScript error: , line 0: TypeError: NetworkError when attempting to fetch resource.
JavaScript warning: https://pagead2.googlesyndication.com/bg/bP143D2MlfrYa-8L1g1kZrRY_Hu8960J3R7GynJ9320.js line 2 > eval line 6075 > eval line 1 > eval line 1 > eval, line 1: WEBGL_debug_renderer_info is deprecated in Firefox and will be removed. Please use RENDERER.
JavaScript error: , line 0: uncaught exception: 7
JavaScript error: , line 0: TypeError: NetworkError when attempting to fetch resource.
1677023096128	Marionette	INFO	Stopped listening on port 51858
Dynamically enable window occlusion 1
[Parent 71296, IPC I/O Parent] WARNING: pipe error: 232: file /builds/worker/checkouts/gecko/ipc/chromium/src/chrome/common/ipc_channel_win.cc:583
[Parent 71296, IPC I/O Parent] WARNING: pipe error: 232: file /builds/worker/checkouts/gecko/ipc/chromium/src/chrome/common/ipc_channel_win.cc:583
[Parent 71296, IPC I/O Parent] WARNING: pipe error: 232: file /builds/worker/checkouts/gecko/ipc/chromium/src/chrome/common/ipc_channel_win.cc:583
[Parent 71296, IPC I/O Parent] WARNING: pipe error: 232: file /builds/worker/checkouts/gecko/ipc/chromium/src/chrome/common/ipc_channel_win.cc:583
[Parent 71296, IPC I/O Parent] WARNING: pipe error: 232: file /builds/worker/checkouts/gecko/ipc/chromium/src/chrome/common/ipc_channel_win.cc:583
[Parent 71296, IPC I/O Parent] WARNING: pipe error: 232: file /builds/worker/checkouts/gecko/ipc/chromium/src/chrome/common/ipc_channel_win.cc:583
[Parent 71296, IPC I/O Parent] WARNING: pipe error: 232: file /builds/worker/checkouts/gecko/ipc/chromium/src/chrome/common/ipc_channel_win.cc:583
[Parent 71296, IPC I/O Parent] WARNING: pipe error: 232: file /builds/worker/checkouts/gecko/ipc/chromium/src/chrome/common/ipc_channel_win.cc:583
JavaScript warning: https://cdn.js7k.com/rq/iv/inside.js, line 1: WEBGL_debug_renderer_info is deprecated in Firefox and will be removed. Please use RENDERER.
[Parent 71296, IPC I/O Parent] WARNING: pipe error: 232: file /builds/worker/checkouts/gecko/ipc/chromium/src/chrome/common/ipc_channel_win.cc:583
