1676845944245	geckodriver	INFO	Listening on 127.0.0.1:53455
1676845947278	mozrunner::runner	INFO	Running command: "C:\\Program Files\\Mozilla Firefox\\firefox.exe" "--marionette" "--headless" "--remote-debugging-port" "53456" "--remote-allow-hosts" "localhost" "-no-remote" "-profile" "C:\\Users\\Joey\\AppData\\Local\\Temp\\rust_mozprofileDk2pRk"
*** You are running in headless mode.
console.warn: services.settings: Ignoring preference override of remote settings server
console.warn: services.settings: Allow by setting MOZ_REMOTE_SETTINGS_DEVTOOLS=1 in the environment
1676845947624	Marionette	INFO	Marionette enabled
Dynamically enable window occlusion 0
1676845947630	Marionette	INFO	Listening on port 53476
WebDriver BiDi listening on ws://127.0.0.1:53456
Read port: 53476
1676845947869	RemoteAgent	WARN	TLS certificate errors will be ignored for this session
[GFX1-]: RenderCompositorSWGL failed mapping default framebuffer, no dt
console.warn: SearchSettings: "get: No settings file exists, new profile?" (new NotFoundError("Could not open the file at C:\\Users\\Joey\\AppData\\Local\\Temp\\rust_mozprofileDk2pRk\\search.json.mozlz4", (void 0)))
console.error: ({})
DevTools listening on ws://127.0.0.1:53456/devtools/browser/5ae7f247-7896-4998-ba10-1081bc8e0ba8
JavaScript error: , line 0: NS_ERROR_NOT_AVAILABLE
1:54040
1676846173972	mozrunner::runner	INFO	Running command: "C:\\Program Files\\Mozilla Firefox\\firefox.exe" "--marionette" "--headless" "--remote-debugging-port" "54041" "--remote-allow-hosts" "localhost" "-no-remote" "-profile" "C:\\Users\\Joey\\AppData\\Local\\Temp\\rust_mozprofileeD3PZT"
*** You are running in headless mode.
console.warn: services.settings: Ignoring preference override of remote settings server
console.warn: services.settings: Allow by setting MOZ_REMOTE_SETTINGS_DEVTOOLS=1 in the environment
1676846174269	Marionette	INFO	Marionette enabled
Dynamically enable window occlusion 0
1676846174273	Marionette	INFO	Listening on port 54055
Read port: 54055
WebDriver BiDi listening on ws://127.0.0.1:54041
1676846174369	RemoteAgent	WARN	TLS certificate errors will be ignored for this session
[GFX1-]: RenderCompositorSWGL failed mapping default framebuffer, no dt
console.warn: SearchSettings: "get: No settings file exists, new profile?" (new NotFoundError("Could not open the file at C:\\Users\\Joey\\AppData\\Local\\Temp\\rust_mozprofileeD3PZT\\search.json.mozlz4", (void 0)))
console.error: ({})
DevTools listening on ws://127.0.0.1:54041/devtools/browser/69044944-fb65-434a-b113-15471ce3a823
1676846175880	Marionette	INFO	Stopped listening on port 54055
Dynamically enable window occlusion 1
1676846203402	geckodriver	INFO	Listening on 127.0.0.1:54143
1676846206447	mozrunner::runner	INFO	Running command: "C:\\Program Files\\Mozilla Firefox\\firefox.exe" "--marionette" "--headless" "--remote-debugging-port" "54144" "--remote-allow-hosts" "localhost" "-no-remote" "-profile" "C:\\Users\\Joey\\AppData\\Local\\Temp\\rust_mozprofiledBkh8y"
*** You are running in headless mode.
console.warn: services.settings: Ignoring preference override of remote settings server
console.warn: services.settings: Allow by setting MOZ_REMOTE_SETTINGS_DEVTOOLS=1 in the environment
1676846206753	Marionette	INFO	Marionette enabled
Dynamically enable window occlusion 0
1676846206758	Marionette	INFO	Listening on port 54157
Read port: 54157
WebDriver BiDi listening on ws://127.0.0.1:54144
1676846206859	RemoteAgent	WARN	TLS certificate errors will be ignored for this session
[GFX1-]: RenderCompositorSWGL failed mapping default framebuffer, no dt
console.warn: SearchSettings: "get: No settings file exists, new profile?" (new NotFoundError("Could not open the file at C:\\Users\\Joey\\AppData\\Local\\Temp\\rust_mozprofiledBkh8y\\search.json.mozlz4", (void 0)))
console.error: ({})
DevTools listening on ws://127.0.0.1:54144/devtools/browser/a6709fa0-2f7c-4956-8a4c-9d28fb66c8a3
1676846211021	Marionette	INFO	Stopped listening on port 54157
Dynamically enable window occlusion 1
